running egg_info
creating ../build/my_package2/my_package2.egg-info
writing ../build/my_package2/my_package2.egg-info/PKG-INFO
writing dependency_links to ../build/my_package2/my_package2.egg-info/dependency_links.txt
writing entry points to ../build/my_package2/my_package2.egg-info/entry_points.txt
writing requirements to ../build/my_package2/my_package2.egg-info/requires.txt
writing top-level names to ../build/my_package2/my_package2.egg-info/top_level.txt
writing manifest file '../build/my_package2/my_package2.egg-info/SOURCES.txt'
reading manifest file '../build/my_package2/my_package2.egg-info/SOURCES.txt'
writing manifest file '../build/my_package2/my_package2.egg-info/SOURCES.txt'
running build
running build_py
creating /home/student/ros2_ws/src/build/my_package2/build
creating /home/student/ros2_ws/src/build/my_package2/build/lib
creating /home/student/ros2_ws/src/build/my_package2/build/lib/my_package2
copying my_package2/my_node.py -> /home/student/ros2_ws/src/build/my_package2/build/lib/my_package2
copying my_package2/__init__.py -> /home/student/ros2_ws/src/build/my_package2/build/lib/my_package2
running install
running install_lib
creating /home/student/ros2_ws/src/install/my_package2/lib/python3.10/site-packages/my_package2
/usr/lib/python3/dist-packages/setuptools/command/install.py:34: SetuptoolsDeprecationWarning: setup.py install is deprecated. Use build and pip and other standards-based tools.
  warnings.warn(
copying /home/student/ros2_ws/src/build/my_package2/build/lib/my_package2/my_node.py -> /home/student/ros2_ws/src/install/my_package2/lib/python3.10/site-packages/my_package2
copying /home/student/ros2_ws/src/build/my_package2/build/lib/my_package2/__init__.py -> /home/student/ros2_ws/src/install/my_package2/lib/python3.10/site-packages/my_package2
byte-compiling /home/student/ros2_ws/src/install/my_package2/lib/python3.10/site-packages/my_package2/my_node.py to my_node.cpython-310.pyc
byte-compiling /home/student/ros2_ws/src/install/my_package2/lib/python3.10/site-packages/my_package2/__init__.py to __init__.cpython-310.pyc
running install_data
creating /home/student/ros2_ws/src/install/my_package2/share/ament_index
creating /home/student/ros2_ws/src/install/my_package2/share/ament_index/resource_index
creating /home/student/ros2_ws/src/install/my_package2/share/ament_index/resource_index/packages
copying resource/my_package2 -> /home/student/ros2_ws/src/install/my_package2/share/ament_index/resource_index/packages
copying package.xml -> /home/student/ros2_ws/src/install/my_package2/share/my_package2
running install_egg_info
Copying ../build/my_package2/my_package2.egg-info to /home/student/ros2_ws/src/install/my_package2/lib/python3.10/site-packages/my_package2-0.0.0-py3.10.egg-info
running install_scripts
Installing my_node script to /home/student/ros2_ws/src/install/my_package2/lib/my_package2
writing list of installed files to '/home/student/ros2_ws/src/build/my_package2/install.log'
